<?xml version="1.0" encoding="UTF-8"?>
<testng-results skipped="0" failed="2" total="5" passed="3">
  <reporter-output>
  </reporter-output>
  <suite name="Suite" duration-ms="297095" started-at="2016-06-09T18:15:18Z" finished-at="2016-06-09T18:20:15Z">
    <groups>
    </groups>
    <test name="Test" duration-ms="297095" started-at="2016-06-09T18:15:18Z" finished-at="2016-06-09T18:20:15Z">
      <class name="com.mindtree.essence.testResults.EssencePOCMain">
        <test-method status="PASS" signature="setUp()[pri:0, instance:com.mindtree.essence.testResults.EssencePOCMain@8373b5c]" name="setUp" is-config="true" duration-ms="31159" started-at="2016-06-09T14:15:18Z" finished-at="2016-06-09T14:15:49Z">
          <reporter-output>
          </reporter-output>
        </test-method> <!-- setUp -->
        <test-method status="PASS" signature="SEOTagsVerfication()[pri:0, instance:com.mindtree.essence.testResults.EssencePOCMain@8373b5c]" name="SEOTagsVerfication" duration-ms="31264" started-at="2016-06-09T14:15:49Z" finished-at="2016-06-09T14:16:21Z">
          <reporter-output>
          </reporter-output>
        </test-method> <!-- SEOTagsVerfication -->
        <test-method status="PASS" signature="updateLogAfterEachTest(org.testng.ITestResult)[pri:0, instance:com.mindtree.essence.testResults.EssencePOCMain@8373b5c]" name="updateLogAfterEachTest" is-config="true" duration-ms="32" started-at="2016-06-09T14:16:21Z" finished-at="2016-06-09T14:16:21Z">
          <params>
            <param index="0">
              <value>
                <![CDATA[[TestResult name=SEOTagsVerfication status=SUCCESS method=EssencePOCMain.SEOTagsVerfication()[pri:0, instance:com.mindtree.essence.testResults.EssencePOCMain@8373b5c] output={null}]]]>
              </value>
            </param>
          </params>
          <reporter-output>
          </reporter-output>
        </test-method> <!-- updateLogAfterEachTest -->
        <test-method status="PASS" signature="adVerification()[pri:1, instance:com.mindtree.essence.testResults.EssencePOCMain@8373b5c]" name="adVerification" duration-ms="40099" started-at="2016-06-09T14:16:21Z" finished-at="2016-06-09T14:17:01Z">
          <reporter-output>
          </reporter-output>
        </test-method> <!-- adVerification -->
        <test-method status="PASS" signature="updateLogAfterEachTest(org.testng.ITestResult)[pri:0, instance:com.mindtree.essence.testResults.EssencePOCMain@8373b5c]" name="updateLogAfterEachTest" is-config="true" duration-ms="0" started-at="2016-06-09T14:17:01Z" finished-at="2016-06-09T14:17:01Z">
          <params>
            <param index="0">
              <value>
                <![CDATA[[TestResult name=adVerification status=SUCCESS method=EssencePOCMain.adVerification()[pri:1, instance:com.mindtree.essence.testResults.EssencePOCMain@8373b5c] output={null}]]]>
              </value>
            </param>
          </params>
          <reporter-output>
          </reporter-output>
        </test-method> <!-- updateLogAfterEachTest -->
        <test-method status="PASS" signature="webAnalytics()[pri:2, instance:com.mindtree.essence.testResults.EssencePOCMain@8373b5c]" name="webAnalytics" duration-ms="35912" started-at="2016-06-09T14:17:01Z" finished-at="2016-06-09T14:17:37Z">
          <reporter-output>
          </reporter-output>
        </test-method> <!-- webAnalytics -->
        <test-method status="FAIL" signature="NavigationFacebook()[pri:3, instance:com.mindtree.essence.testResults.EssencePOCMain@8373b5c]" name="NavigationFacebook" duration-ms="88071" started-at="2016-06-09T14:17:37Z" finished-at="2016-06-09T14:19:05Z">
          <exception class="org.openqa.selenium.NoSuchElementException">
            <message>
              <![CDATA[Unable to locate element: {"method":"xpath","selector":"//h1[@class='post-header']"}
Command duration or timeout: 20.12 seconds
For documentation on this error, please visit: http://seleniumhq.org/exceptions/no_such_element.html
Build info: version: '2.53.0', revision: '35ae25b1534ae328c771e0856c93e187490ca824', time: '2016-03-15 10:43:46'
System info: host: 'E4ML18197', ip: '192.168.56.1', os.name: 'Windows 8.1', os.arch: 'amd64', os.version: '6.3', java.version: '1.7.0_79'
*** Element info: {Using=xpath, value=//h1[@class='post-header']}
Session ID: f277112e-4e03-4e32-bfda-c38d1e1d3a18
Driver info: org.openqa.selenium.firefox.FirefoxDriver
Capabilities [{platform=WINDOWS, acceptSslCerts=true, javascriptEnabled=true, cssSelectorsEnabled=true, databaseEnabled=true, browserName=firefox, handlesAlerts=true, nativeEvents=false, webStorageEnabled=true, rotatable=false, locationContextEnabled=true, applicationCacheEnabled=true, takesScreenshot=true, version=46.0.1}]]]>
            </message>
            <full-stacktrace>
              <![CDATA[org.openqa.selenium.NoSuchElementException: Unable to locate element: {"method":"xpath","selector":"//h1[@class='post-header']"}
Command duration or timeout: 20.12 seconds
For documentation on this error, please visit: http://seleniumhq.org/exceptions/no_such_element.html
Build info: version: '2.53.0', revision: '35ae25b1534ae328c771e0856c93e187490ca824', time: '2016-03-15 10:43:46'
System info: host: 'E4ML18197', ip: '192.168.56.1', os.name: 'Windows 8.1', os.arch: 'amd64', os.version: '6.3', java.version: '1.7.0_79'
*** Element info: {Using=xpath, value=//h1[@class='post-header']}
Session ID: f277112e-4e03-4e32-bfda-c38d1e1d3a18
Driver info: org.openqa.selenium.firefox.FirefoxDriver
Capabilities [{platform=WINDOWS, acceptSslCerts=true, javascriptEnabled=true, cssSelectorsEnabled=true, databaseEnabled=true, browserName=firefox, handlesAlerts=true, nativeEvents=false, webStorageEnabled=true, rotatable=false, locationContextEnabled=true, applicationCacheEnabled=true, takesScreenshot=true, version=46.0.1}]
	at sun.reflect.NativeConstructorAccessorImpl.newInstance0(Native Method)
	at sun.reflect.NativeConstructorAccessorImpl.newInstance(NativeConstructorAccessorImpl.java:57)
	at sun.reflect.DelegatingConstructorAccessorImpl.newInstance(DelegatingConstructorAccessorImpl.java:45)
	at java.lang.reflect.Constructor.newInstance(Constructor.java:526)
	at org.openqa.selenium.remote.ErrorHandler.createThrowable(ErrorHandler.java:206)
	at org.openqa.selenium.remote.ErrorHandler.throwIfResponseFailed(ErrorHandler.java:158)
	at org.openqa.selenium.remote.RemoteWebDriver.execute(RemoteWebDriver.java:678)
	at org.openqa.selenium.remote.RemoteWebDriver.findElement(RemoteWebDriver.java:363)
	at org.openqa.selenium.remote.RemoteWebDriver.findElementByXPath(RemoteWebDriver.java:500)
	at org.openqa.selenium.By$ByXPath.findElement(By.java:361)
	at org.openqa.selenium.remote.RemoteWebDriver.findElement(RemoteWebDriver.java:355)
	at org.openqa.selenium.support.pagefactory.DefaultElementLocator.findElement(DefaultElementLocator.java:69)
	at org.openqa.selenium.support.pagefactory.internal.LocatingElementHandler.invoke(LocatingElementHandler.java:38)
	at com.sun.proxy.$Proxy6.getText(Unknown Source)
	at com.mindtree.essence.scenarios.SocialWebsiteNavigation.facebookNavigation(SocialWebsiteNavigation.java:92)
	at com.mindtree.essence.testResults.EssencePOCMain.NavigationFacebook(EssencePOCMain.java:107)
	at sun.reflect.NativeMethodAccessorImpl.invoke0(Native Method)
	at sun.reflect.NativeMethodAccessorImpl.invoke(NativeMethodAccessorImpl.java:57)
	at sun.reflect.DelegatingMethodAccessorImpl.invoke(DelegatingMethodAccessorImpl.java:43)
	at java.lang.reflect.Method.invoke(Method.java:606)
	at org.testng.internal.MethodInvocationHelper.invokeMethod(MethodInvocationHelper.java:86)
	at org.testng.internal.Invoker.invokeMethod(Invoker.java:643)
	at org.testng.internal.Invoker.invokeTestMethod(Invoker.java:820)
	at org.testng.internal.Invoker.invokeTestMethods(Invoker.java:1128)
	at org.testng.internal.TestMethodWorker.invokeTestMethods(TestMethodWorker.java:129)
	at org.testng.internal.TestMethodWorker.run(TestMethodWorker.java:112)
	at org.testng.TestRunner.privateRun(TestRunner.java:782)
	at org.testng.TestRunner.run(TestRunner.java:632)
	at org.testng.SuiteRunner.runTest(SuiteRunner.java:366)
	at org.testng.SuiteRunner.runSequentially(SuiteRunner.java:361)
	at org.testng.SuiteRunner.privateRun(SuiteRunner.java:319)
	at org.testng.SuiteRunner.run(SuiteRunner.java:268)
	at org.testng.SuiteRunnerWorker.runSuite(SuiteRunnerWorker.java:52)
	at org.testng.SuiteRunnerWorker.run(SuiteRunnerWorker.java:86)
	at org.testng.TestNG.runSuitesSequentially(TestNG.java:1244)
	at org.testng.TestNG.runSuitesLocally(TestNG.java:1169)
	at org.testng.TestNG.run(TestNG.java:1064)
	at org.apache.maven.surefire.testng.TestNGExecutor.run(TestNGExecutor.java:281)
	at org.apache.maven.surefire.testng.TestNGXmlTestSuite.execute(TestNGXmlTestSuite.java:75)
	at org.apache.maven.surefire.testng.TestNGProvider.invoke(TestNGProvider.java:121)
	at org.apache.maven.surefire.booter.ForkedBooter.invokeProviderInSameClassLoader(ForkedBooter.java:290)
	at org.apache.maven.surefire.booter.ForkedBooter.runSuitesInProcess(ForkedBooter.java:242)
	at org.apache.maven.surefire.booter.ForkedBooter.main(ForkedBooter.java:121)
Caused by: org.openqa.selenium.NoSuchElementException: Unable to locate element: {"method":"xpath","selector":"//h1[@class='post-header']"}
For documentation on this error, please visit: http://seleniumhq.org/exceptions/no_such_element.html
Build info: version: '2.53.0', revision: '35ae25b1534ae328c771e0856c93e187490ca824', time: '2016-03-15 10:43:46'
System info: host: 'E4ML18197', ip: '192.168.56.1', os.name: 'Windows 8.1', os.arch: 'amd64', os.version: '6.3', java.version: '1.7.0_79'
Driver info: driver.version: unknown
	at <anonymous class>.FirefoxDriver.prototype.findElementInternal_(file:///C:/Users/Admin/AppData/Local/Temp/anonymous7021567430750955970webdriver-profile/extensions/fxdriver@googlecode.com/components/driver-component.js:10770)
	at <anonymous class>.fxdriver.Timer.prototype.setTimeout/<.notify(file:///C:/Users/Admin/AppData/Local/Temp/anonymous7021567430750955970webdriver-profile/extensions/fxdriver@googlecode.com/components/driver-component.js:625)
]]>
            </full-stacktrace>
          </exception> <!-- org.openqa.selenium.NoSuchElementException -->
          <reporter-output>
          </reporter-output>
        </test-method> <!-- NavigationFacebook -->
        <test-method status="PASS" signature="updateLogAfterEachTest(org.testng.ITestResult)[pri:0, instance:com.mindtree.essence.testResults.EssencePOCMain@8373b5c]" name="updateLogAfterEachTest" is-config="true" duration-ms="0" started-at="2016-06-09T14:17:37Z" finished-at="2016-06-09T14:17:37Z">
          <params>
            <param index="0">
              <value>
                <![CDATA[[TestResult name=webAnalytics status=SUCCESS method=EssencePOCMain.webAnalytics()[pri:2, instance:com.mindtree.essence.testResults.EssencePOCMain@8373b5c] output={null}]]]>
              </value>
            </param>
          </params>
          <reporter-output>
          </reporter-output>
        </test-method> <!-- updateLogAfterEachTest -->
        <test-method status="PASS" signature="updateLogAfterEachTest(org.testng.ITestResult)[pri:0, instance:com.mindtree.essence.testResults.EssencePOCMain@8373b5c]" name="updateLogAfterEachTest" is-config="true" duration-ms="2381" started-at="2016-06-09T14:19:05Z" finished-at="2016-06-09T14:19:07Z">
          <params>
            <param index="0">
              <value>
                <![CDATA[[TestResult name=NavigationFacebook status=FAILURE method=EssencePOCMain.NavigationFacebook()[pri:3, instance:com.mindtree.essence.testResults.EssencePOCMain@8373b5c] output={null}]]]>
              </value>
            </param>
          </params>
          <reporter-output>
          </reporter-output>
        </test-method> <!-- updateLogAfterEachTest -->
        <test-method status="FAIL" signature="twitterNavigation()[pri:4, instance:com.mindtree.essence.testResults.EssencePOCMain@8373b5c]" name="twitterNavigation" duration-ms="61801" started-at="2016-06-09T14:19:07Z" finished-at="2016-06-09T14:20:09Z">
          <exception class="org.openqa.selenium.NoSuchElementException">
            <message>
              <![CDATA[Unable to locate element: {"method":"xpath","selector":"//div[@id='block-ti-ape-ess-social-tools-bottom-share-buttons']/div/div/div/div[3]/div/a"}
Command duration or timeout: 20.14 seconds
For documentation on this error, please visit: http://seleniumhq.org/exceptions/no_such_element.html
Build info: version: '2.53.0', revision: '35ae25b1534ae328c771e0856c93e187490ca824', time: '2016-03-15 10:43:46'
System info: host: 'E4ML18197', ip: '192.168.56.1', os.name: 'Windows 8.1', os.arch: 'amd64', os.version: '6.3', java.version: '1.7.0_79'
*** Element info: {Using=xpath, value=//div[@id='block-ti-ape-ess-social-tools-bottom-share-buttons']/div/div/div/div[3]/div/a}
Session ID: f277112e-4e03-4e32-bfda-c38d1e1d3a18
Driver info: org.openqa.selenium.firefox.FirefoxDriver
Capabilities [{platform=WINDOWS, acceptSslCerts=true, javascriptEnabled=true, cssSelectorsEnabled=true, databaseEnabled=true, browserName=firefox, handlesAlerts=true, nativeEvents=false, webStorageEnabled=true, rotatable=false, locationContextEnabled=true, applicationCacheEnabled=true, takesScreenshot=true, version=46.0.1}]]]>
            </message>
            <full-stacktrace>
              <![CDATA[org.openqa.selenium.NoSuchElementException: Unable to locate element: {"method":"xpath","selector":"//div[@id='block-ti-ape-ess-social-tools-bottom-share-buttons']/div/div/div/div[3]/div/a"}
Command duration or timeout: 20.14 seconds
For documentation on this error, please visit: http://seleniumhq.org/exceptions/no_such_element.html
Build info: version: '2.53.0', revision: '35ae25b1534ae328c771e0856c93e187490ca824', time: '2016-03-15 10:43:46'
System info: host: 'E4ML18197', ip: '192.168.56.1', os.name: 'Windows 8.1', os.arch: 'amd64', os.version: '6.3', java.version: '1.7.0_79'
*** Element info: {Using=xpath, value=//div[@id='block-ti-ape-ess-social-tools-bottom-share-buttons']/div/div/div/div[3]/div/a}
Session ID: f277112e-4e03-4e32-bfda-c38d1e1d3a18
Driver info: org.openqa.selenium.firefox.FirefoxDriver
Capabilities [{platform=WINDOWS, acceptSslCerts=true, javascriptEnabled=true, cssSelectorsEnabled=true, databaseEnabled=true, browserName=firefox, handlesAlerts=true, nativeEvents=false, webStorageEnabled=true, rotatable=false, locationContextEnabled=true, applicationCacheEnabled=true, takesScreenshot=true, version=46.0.1}]
	at sun.reflect.NativeConstructorAccessorImpl.newInstance0(Native Method)
	at sun.reflect.NativeConstructorAccessorImpl.newInstance(NativeConstructorAccessorImpl.java:57)
	at sun.reflect.DelegatingConstructorAccessorImpl.newInstance(DelegatingConstructorAccessorImpl.java:45)
	at java.lang.reflect.Constructor.newInstance(Constructor.java:526)
	at org.openqa.selenium.remote.ErrorHandler.createThrowable(ErrorHandler.java:206)
	at org.openqa.selenium.remote.ErrorHandler.throwIfResponseFailed(ErrorHandler.java:158)
	at org.openqa.selenium.remote.RemoteWebDriver.execute(RemoteWebDriver.java:678)
	at org.openqa.selenium.remote.RemoteWebDriver.findElement(RemoteWebDriver.java:363)
	at org.openqa.selenium.remote.RemoteWebDriver.findElementByXPath(RemoteWebDriver.java:500)
	at org.openqa.selenium.By$ByXPath.findElement(By.java:361)
	at org.openqa.selenium.remote.RemoteWebDriver.findElement(RemoteWebDriver.java:355)
	at org.openqa.selenium.support.pagefactory.DefaultElementLocator.findElement(DefaultElementLocator.java:69)
	at org.openqa.selenium.support.pagefactory.internal.LocatingElementHandler.invoke(LocatingElementHandler.java:38)
	at com.sun.proxy.$Proxy6.getCoordinates(Unknown Source)
	at org.openqa.selenium.interactions.internal.MouseAction.getActionLocation(MouseAction.java:51)
	at org.openqa.selenium.interactions.MoveMouseAction.perform(MoveMouseAction.java:39)
	at org.openqa.selenium.interactions.CompositeAction.perform(CompositeAction.java:50)
	at org.openqa.selenium.interactions.Actions.perform(Actions.java:373)
	at com.mindtree.essence.utilities.EssencePOCUtils.moveAction(EssencePOCUtils.java:171)
	at com.mindtree.essence.scenarios.SocialWebsiteNavigation.twitterNavigation(SocialWebsiteNavigation.java:163)
	at com.mindtree.essence.testResults.EssencePOCMain.twitterNavigation(EssencePOCMain.java:122)
	at sun.reflect.NativeMethodAccessorImpl.invoke0(Native Method)
	at sun.reflect.NativeMethodAccessorImpl.invoke(NativeMethodAccessorImpl.java:57)
	at sun.reflect.DelegatingMethodAccessorImpl.invoke(DelegatingMethodAccessorImpl.java:43)
	at java.lang.reflect.Method.invoke(Method.java:606)
	at org.testng.internal.MethodInvocationHelper.invokeMethod(MethodInvocationHelper.java:86)
	at org.testng.internal.Invoker.invokeMethod(Invoker.java:643)
	at org.testng.internal.Invoker.invokeTestMethod(Invoker.java:820)
	at org.testng.internal.Invoker.invokeTestMethods(Invoker.java:1128)
	at org.testng.internal.TestMethodWorker.invokeTestMethods(TestMethodWorker.java:129)
	at org.testng.internal.TestMethodWorker.run(TestMethodWorker.java:112)
	at org.testng.TestRunner.privateRun(TestRunner.java:782)
	at org.testng.TestRunner.run(TestRunner.java:632)
	at org.testng.SuiteRunner.runTest(SuiteRunner.java:366)
	at org.testng.SuiteRunner.runSequentially(SuiteRunner.java:361)
	at org.testng.SuiteRunner.privateRun(SuiteRunner.java:319)
	at org.testng.SuiteRunner.run(SuiteRunner.java:268)
	at org.testng.SuiteRunnerWorker.runSuite(SuiteRunnerWorker.java:52)
	at org.testng.SuiteRunnerWorker.run(SuiteRunnerWorker.java:86)
	at org.testng.TestNG.runSuitesSequentially(TestNG.java:1244)
	at org.testng.TestNG.runSuitesLocally(TestNG.java:1169)
	at org.testng.TestNG.run(TestNG.java:1064)
	at org.apache.maven.surefire.testng.TestNGExecutor.run(TestNGExecutor.java:281)
	at org.apache.maven.surefire.testng.TestNGXmlTestSuite.execute(TestNGXmlTestSuite.java:75)
	at org.apache.maven.surefire.testng.TestNGProvider.invoke(TestNGProvider.java:121)
	at org.apache.maven.surefire.booter.ForkedBooter.invokeProviderInSameClassLoader(ForkedBooter.java:290)
	at org.apache.maven.surefire.booter.ForkedBooter.runSuitesInProcess(ForkedBooter.java:242)
	at org.apache.maven.surefire.booter.ForkedBooter.main(ForkedBooter.java:121)
Caused by: org.openqa.selenium.NoSuchElementException: Unable to locate element: {"method":"xpath","selector":"//div[@id='block-ti-ape-ess-social-tools-bottom-share-buttons']/div/div/div/div[3]/div/a"}
For documentation on this error, please visit: http://seleniumhq.org/exceptions/no_such_element.html
Build info: version: '2.53.0', revision: '35ae25b1534ae328c771e0856c93e187490ca824', time: '2016-03-15 10:43:46'
System info: host: 'E4ML18197', ip: '192.168.56.1', os.name: 'Windows 8.1', os.arch: 'amd64', os.version: '6.3', java.version: '1.7.0_79'
Driver info: driver.version: unknown
	at <anonymous class>.FirefoxDriver.prototype.findElementInternal_(file:///C:/Users/Admin/AppData/Local/Temp/anonymous7021567430750955970webdriver-profile/extensions/fxdriver@googlecode.com/components/driver-component.js:10770)
	at <anonymous class>.fxdriver.Timer.prototype.setTimeout/<.notify(file:///C:/Users/Admin/AppData/Local/Temp/anonymous7021567430750955970webdriver-profile/extensions/fxdriver@googlecode.com/components/driver-component.js:625)
]]>
            </full-stacktrace>
          </exception> <!-- org.openqa.selenium.NoSuchElementException -->
          <reporter-output>
          </reporter-output>
        </test-method> <!-- twitterNavigation -->
        <test-method status="PASS" signature="updateLogAfterEachTest(org.testng.ITestResult)[pri:0, instance:com.mindtree.essence.testResults.EssencePOCMain@8373b5c]" name="updateLogAfterEachTest" is-config="true" duration-ms="6260" started-at="2016-06-09T14:20:09Z" finished-at="2016-06-09T14:20:15Z">
          <params>
            <param index="0">
              <value>
                <![CDATA[[TestResult name=twitterNavigation status=FAILURE method=EssencePOCMain.twitterNavigation()[pri:4, instance:com.mindtree.essence.testResults.EssencePOCMain@8373b5c] output={null}]]]>
              </value>
            </param>
          </params>
          <reporter-output>
          </reporter-output>
        </test-method> <!-- updateLogAfterEachTest -->
        <test-method status="PASS" signature="tearDown()[pri:0, instance:com.mindtree.essence.testResults.EssencePOCMain@8373b5c]" name="tearDown" is-config="true" duration-ms="15" started-at="2016-06-09T14:20:15Z" finished-at="2016-06-09T14:20:15Z">
          <reporter-output>
          </reporter-output>
        </test-method> <!-- tearDown -->
        <test-method status="PASS" signature="writeModuleHTMLLog()[pri:0, instance:com.mindtree.essence.testResults.EssencePOCMain@8373b5c]" name="writeModuleHTMLLog" is-config="true" duration-ms="54" started-at="2016-06-09T14:20:15Z" finished-at="2016-06-09T14:20:15Z">
          <reporter-output>
          </reporter-output>
        </test-method> <!-- writeModuleHTMLLog -->
      </class> <!-- com.mindtree.essence.testResults.EssencePOCMain -->
    </test> <!-- Test -->
  </suite> <!-- Suite -->
</testng-results>
