<?xml version="1.0" encoding="UTF-8"?>
<testng-results skipped="0" failed="1" total="5" passed="4">
  <reporter-output>
  </reporter-output>
  <suite name="Suite" duration-ms="382134" started-at="2016-05-27T16:24:55Z" finished-at="2016-05-27T16:31:18Z">
    <groups>
    </groups>
    <test name="Test" duration-ms="382134" started-at="2016-05-27T16:24:55Z" finished-at="2016-05-27T16:31:18Z">
      <class name="com.mindtree.essence.testResults.EssencePOCMain">
        <test-method status="PASS" signature="setUp()[pri:0, instance:com.mindtree.essence.testResults.EssencePOCMain@2e9329e9]" name="setUp" is-config="true" duration-ms="15529" started-at="2016-05-27T12:24:55Z" finished-at="2016-05-27T12:25:11Z">
          <reporter-output>
          </reporter-output>
        </test-method> <!-- setUp -->
        <test-method status="PASS" signature="SEOTagsVerfication()[pri:0, instance:com.mindtree.essence.testResults.EssencePOCMain@2e9329e9]" name="SEOTagsVerfication" duration-ms="146718" started-at="2016-05-27T12:25:11Z" finished-at="2016-05-27T12:27:38Z">
          <reporter-output>
          </reporter-output>
        </test-method> <!-- SEOTagsVerfication -->
        <test-method status="PASS" signature="updateLogAfterEachTest(org.testng.ITestResult)[pri:0, instance:com.mindtree.essence.testResults.EssencePOCMain@2e9329e9]" name="updateLogAfterEachTest" is-config="true" duration-ms="4" started-at="2016-05-27T12:27:38Z" finished-at="2016-05-27T12:27:38Z">
          <params>
            <param index="0">
              <value>
                <![CDATA[[TestResult name=SEOTagsVerfication status=SUCCESS method=EssencePOCMain.SEOTagsVerfication()[pri:0, instance:com.mindtree.essence.testResults.EssencePOCMain@2e9329e9] output={null}]]]>
              </value>
            </param>
          </params>
          <reporter-output>
          </reporter-output>
        </test-method> <!-- updateLogAfterEachTest -->
        <test-method status="PASS" signature="adVerification()[pri:1, instance:com.mindtree.essence.testResults.EssencePOCMain@2e9329e9]" name="adVerification" duration-ms="30600" started-at="2016-05-27T12:27:38Z" finished-at="2016-05-27T12:28:08Z">
          <reporter-output>
          </reporter-output>
        </test-method> <!-- adVerification -->
        <test-method status="PASS" signature="updateLogAfterEachTest(org.testng.ITestResult)[pri:0, instance:com.mindtree.essence.testResults.EssencePOCMain@2e9329e9]" name="updateLogAfterEachTest" is-config="true" duration-ms="0" started-at="2016-05-27T12:28:08Z" finished-at="2016-05-27T12:28:08Z">
          <params>
            <param index="0">
              <value>
                <![CDATA[[TestResult name=adVerification status=SUCCESS method=EssencePOCMain.adVerification()[pri:1, instance:com.mindtree.essence.testResults.EssencePOCMain@2e9329e9] output={null}]]]>
              </value>
            </param>
          </params>
          <reporter-output>
          </reporter-output>
        </test-method> <!-- updateLogAfterEachTest -->
        <test-method status="PASS" signature="webAnalytics()[pri:2, instance:com.mindtree.essence.testResults.EssencePOCMain@2e9329e9]" name="webAnalytics" duration-ms="28431" started-at="2016-05-27T12:28:08Z" finished-at="2016-05-27T12:28:37Z">
          <reporter-output>
          </reporter-output>
        </test-method> <!-- webAnalytics -->
        <test-method status="PASS" signature="updateLogAfterEachTest(org.testng.ITestResult)[pri:0, instance:com.mindtree.essence.testResults.EssencePOCMain@2e9329e9]" name="updateLogAfterEachTest" is-config="true" duration-ms="1" started-at="2016-05-27T12:28:37Z" finished-at="2016-05-27T12:28:37Z">
          <params>
            <param index="0">
              <value>
                <![CDATA[[TestResult name=webAnalytics status=SUCCESS method=EssencePOCMain.webAnalytics()[pri:2, instance:com.mindtree.essence.testResults.EssencePOCMain@2e9329e9] output={null}]]]>
              </value>
            </param>
          </params>
          <reporter-output>
          </reporter-output>
        </test-method> <!-- updateLogAfterEachTest -->
        <test-method status="PASS" signature="NavigationFacebook()[pri:3, instance:com.mindtree.essence.testResults.EssencePOCMain@2e9329e9]" name="NavigationFacebook" duration-ms="89501" started-at="2016-05-27T12:28:37Z" finished-at="2016-05-27T12:30:06Z">
          <reporter-output>
          </reporter-output>
        </test-method> <!-- NavigationFacebook -->
        <test-method status="PASS" signature="updateLogAfterEachTest(org.testng.ITestResult)[pri:0, instance:com.mindtree.essence.testResults.EssencePOCMain@2e9329e9]" name="updateLogAfterEachTest" is-config="true" duration-ms="1" started-at="2016-05-27T12:30:06Z" finished-at="2016-05-27T12:30:06Z">
          <params>
            <param index="0">
              <value>
                <![CDATA[[TestResult name=NavigationFacebook status=SUCCESS method=EssencePOCMain.NavigationFacebook()[pri:3, instance:com.mindtree.essence.testResults.EssencePOCMain@2e9329e9] output={null}]]]>
              </value>
            </param>
          </params>
          <reporter-output>
          </reporter-output>
        </test-method> <!-- updateLogAfterEachTest -->
        <test-method status="FAIL" signature="twitterNavigation()[pri:4, instance:com.mindtree.essence.testResults.EssencePOCMain@2e9329e9]" name="twitterNavigation" duration-ms="68049" started-at="2016-05-27T12:30:06Z" finished-at="2016-05-27T12:31:14Z">
          <exception class="org.openqa.selenium.NoSuchElementException">
            <message>
              <![CDATA[Unable to locate element: {"method":"xpath","selector":"//div[@id='block-ti-ape-ess-social-tools-bottom-share-buttons']/div/div/div/div[3]/div/a"}
Command duration or timeout: 20.08 seconds
For documentation on this error, please visit: http://seleniumhq.org/exceptions/no_such_element.html
Build info: version: '2.53.0', revision: '35ae25b', time: '2016-03-15 17:00:58'
System info: host: 'E4ML18197', ip: '192.168.56.1', os.name: 'Windows 8.1', os.arch: 'amd64', os.version: '6.3', java.version: '1.7.0_79'
*** Element info: {Using=xpath, value=//div[@id='block-ti-ape-ess-social-tools-bottom-share-buttons']/div/div/div/div[3]/div/a}
Session ID: 0cba5bc4-0998-4cef-9a26-ca4ac0b6891d
Driver info: org.openqa.selenium.firefox.FirefoxDriver
Capabilities [{platform=WINDOWS, acceptSslCerts=true, javascriptEnabled=true, cssSelectorsEnabled=true, databaseEnabled=true, browserName=firefox, handlesAlerts=true, nativeEvents=false, webStorageEnabled=true, rotatable=false, locationContextEnabled=true, applicationCacheEnabled=true, takesScreenshot=true, version=46.0.1}]]]>
            </message>
            <full-stacktrace>
              <![CDATA[org.openqa.selenium.NoSuchElementException: Unable to locate element: {"method":"xpath","selector":"//div[@id='block-ti-ape-ess-social-tools-bottom-share-buttons']/div/div/div/div[3]/div/a"}
Command duration or timeout: 20.08 seconds
For documentation on this error, please visit: http://seleniumhq.org/exceptions/no_such_element.html
Build info: version: '2.53.0', revision: '35ae25b', time: '2016-03-15 17:00:58'
System info: host: 'E4ML18197', ip: '192.168.56.1', os.name: 'Windows 8.1', os.arch: 'amd64', os.version: '6.3', java.version: '1.7.0_79'
*** Element info: {Using=xpath, value=//div[@id='block-ti-ape-ess-social-tools-bottom-share-buttons']/div/div/div/div[3]/div/a}
Session ID: 0cba5bc4-0998-4cef-9a26-ca4ac0b6891d
Driver info: org.openqa.selenium.firefox.FirefoxDriver
Capabilities [{platform=WINDOWS, acceptSslCerts=true, javascriptEnabled=true, cssSelectorsEnabled=true, databaseEnabled=true, browserName=firefox, handlesAlerts=true, nativeEvents=false, webStorageEnabled=true, rotatable=false, locationContextEnabled=true, applicationCacheEnabled=true, takesScreenshot=true, version=46.0.1}]
	at sun.reflect.NativeConstructorAccessorImpl.newInstance0(Native Method)
	at sun.reflect.NativeConstructorAccessorImpl.newInstance(NativeConstructorAccessorImpl.java:57)
	at sun.reflect.DelegatingConstructorAccessorImpl.newInstance(DelegatingConstructorAccessorImpl.java:45)
	at java.lang.reflect.Constructor.newInstance(Constructor.java:526)
	at org.openqa.selenium.remote.ErrorHandler.createThrowable(ErrorHandler.java:206)
	at org.openqa.selenium.remote.ErrorHandler.throwIfResponseFailed(ErrorHandler.java:158)
	at org.openqa.selenium.remote.RemoteWebDriver.execute(RemoteWebDriver.java:678)
	at org.openqa.selenium.remote.RemoteWebDriver.findElement(RemoteWebDriver.java:363)
	at org.openqa.selenium.remote.RemoteWebDriver.findElementByXPath(RemoteWebDriver.java:500)
	at org.openqa.selenium.By$ByXPath.findElement(By.java:361)
	at org.openqa.selenium.remote.RemoteWebDriver.findElement(RemoteWebDriver.java:355)
	at org.openqa.selenium.support.pagefactory.DefaultElementLocator.findElement(DefaultElementLocator.java:69)
	at org.openqa.selenium.support.pagefactory.internal.LocatingElementHandler.invoke(LocatingElementHandler.java:38)
	at com.sun.proxy.$Proxy7.getCoordinates(Unknown Source)
	at org.openqa.selenium.interactions.internal.MouseAction.getActionLocation(MouseAction.java:51)
	at org.openqa.selenium.interactions.MoveMouseAction.perform(MoveMouseAction.java:39)
	at org.openqa.selenium.interactions.CompositeAction.perform(CompositeAction.java:50)
	at org.openqa.selenium.interactions.Actions.perform(Actions.java:373)
	at com.mindtree.essence.utilities.EssencePOCUtils.moveAction(EssencePOCUtils.java:171)
	at com.mindtree.essence.scenarios.SocialWebsiteNavigation.twitterNavigation(SocialWebsiteNavigation.java:163)
	at com.mindtree.essence.testResults.EssencePOCMain.twitterNavigation(EssencePOCMain.java:122)
	at sun.reflect.NativeMethodAccessorImpl.invoke0(Native Method)
	at sun.reflect.NativeMethodAccessorImpl.invoke(NativeMethodAccessorImpl.java:57)
	at sun.reflect.DelegatingMethodAccessorImpl.invoke(DelegatingMethodAccessorImpl.java:43)
	at java.lang.reflect.Method.invoke(Method.java:606)
	at org.testng.internal.MethodInvocationHelper.invokeMethod(MethodInvocationHelper.java:85)
	at org.testng.internal.Invoker.invokeMethod(Invoker.java:639)
	at org.testng.internal.Invoker.invokeTestMethod(Invoker.java:816)
	at org.testng.internal.Invoker.invokeTestMethods(Invoker.java:1124)
	at org.testng.internal.TestMethodWorker.invokeTestMethods(TestMethodWorker.java:125)
	at org.testng.internal.TestMethodWorker.run(TestMethodWorker.java:108)
	at org.testng.TestRunner.privateRun(TestRunner.java:774)
	at org.testng.TestRunner.run(TestRunner.java:624)
	at org.testng.SuiteRunner.runTest(SuiteRunner.java:359)
	at org.testng.SuiteRunner.runSequentially(SuiteRunner.java:354)
	at org.testng.SuiteRunner.privateRun(SuiteRunner.java:312)
	at org.testng.SuiteRunner.run(SuiteRunner.java:261)
	at org.testng.SuiteRunnerWorker.runSuite(SuiteRunnerWorker.java:52)
	at org.testng.SuiteRunnerWorker.run(SuiteRunnerWorker.java:86)
	at org.testng.TestNG.runSuitesSequentially(TestNG.java:1215)
	at org.testng.TestNG.runSuitesLocally(TestNG.java:1140)
	at org.testng.TestNG.run(TestNG.java:1048)
	at org.testng.remote.RemoteTestNG.run(RemoteTestNG.java:112)
	at org.testng.remote.RemoteTestNG.initAndRun(RemoteTestNG.java:205)
	at org.testng.remote.RemoteTestNG.main(RemoteTestNG.java:176)
Caused by: org.openqa.selenium.NoSuchElementException: Unable to locate element: {"method":"xpath","selector":"//div[@id='block-ti-ape-ess-social-tools-bottom-share-buttons']/div/div/div/div[3]/div/a"}
For documentation on this error, please visit: http://seleniumhq.org/exceptions/no_such_element.html
Build info: version: '2.53.0', revision: '35ae25b', time: '2016-03-15 17:00:58'
System info: host: 'E4ML18197', ip: '192.168.56.1', os.name: 'Windows 8.1', os.arch: 'amd64', os.version: '6.3', java.version: '1.7.0_79'
Driver info: driver.version: unknown
	at <anonymous class>.FirefoxDriver.prototype.findElementInternal_(file:///C:/Users/Admin/AppData/Local/Temp/anonymous6605259129854505443webdriver-profile/extensions/fxdriver@googlecode.com/components/driver-component.js:10770)
	at <anonymous class>.fxdriver.Timer.prototype.setTimeout/<.notify(file:///C:/Users/Admin/AppData/Local/Temp/anonymous6605259129854505443webdriver-profile/extensions/fxdriver@googlecode.com/components/driver-component.js:625)
]]>
            </full-stacktrace>
          </exception> <!-- org.openqa.selenium.NoSuchElementException -->
          <reporter-output>
          </reporter-output>
        </test-method> <!-- twitterNavigation -->
        <test-method status="PASS" signature="updateLogAfterEachTest(org.testng.ITestResult)[pri:0, instance:com.mindtree.essence.testResults.EssencePOCMain@2e9329e9]" name="updateLogAfterEachTest" is-config="true" duration-ms="3234" started-at="2016-05-27T12:31:14Z" finished-at="2016-05-27T12:31:17Z">
          <params>
            <param index="0">
              <value>
                <![CDATA[[TestResult name=twitterNavigation status=FAILURE method=EssencePOCMain.twitterNavigation()[pri:4, instance:com.mindtree.essence.testResults.EssencePOCMain@2e9329e9] output={null}]]]>
              </value>
            </param>
          </params>
          <reporter-output>
          </reporter-output>
        </test-method> <!-- updateLogAfterEachTest -->
        <test-method status="PASS" signature="tearDown()[pri:0, instance:com.mindtree.essence.testResults.EssencePOCMain@2e9329e9]" name="tearDown" is-config="true" duration-ms="10" started-at="2016-05-27T12:31:17Z" finished-at="2016-05-27T12:31:17Z">
          <reporter-output>
          </reporter-output>
        </test-method> <!-- tearDown -->
        <test-method status="PASS" signature="writeModuleHTMLLog()[pri:0, instance:com.mindtree.essence.testResults.EssencePOCMain@2e9329e9]" name="writeModuleHTMLLog" is-config="true" duration-ms="11" started-at="2016-05-27T12:31:17Z" finished-at="2016-05-27T12:31:18Z">
          <reporter-output>
          </reporter-output>
        </test-method> <!-- writeModuleHTMLLog -->
      </class> <!-- com.mindtree.essence.testResults.EssencePOCMain -->
    </test> <!-- Test -->
  </suite> <!-- Suite -->
</testng-results>
